<?xml version="1.0" encoding="UTF-8"?>
<!-- Generated by org.testng.reporters.JUnitReportReporter -->
<testsuite skipped="0" hostname="DESKTOP-LFQQAED" name="tests.MyAccountTest" tests="5" failures="0" timestamp="2022-08-15T00:07:16 IDT" time="36.442" errors="0">
  <testcase name="TC_01_null" time="19.846" classname="tests.MyAccountTest"/>
  <system-out/>
  <testcase name="TC_05_slipsText" time="5.920" classname="tests.MyAccountTest"/>
  <system-out/>
  <testcase name="TC_02_orders" time="1.589" classname="tests.MyAccountTest"/>
  <system-out/>
  <testcase name="TC_04_slips" time="3.938" classname="tests.MyAccountTest"/>
  <system-out/>
  <testcase name="TC_03_adresses" time="5.149" classname="tests.MyAccountTest"/>
  <system-out/>
</testsuite> <!-- tests.MyAccountTest -->
