<?xml version="1.0" encoding="UTF-8"?>
<!-- Generated by org.testng.reporters.JUnitReportReporter -->
<testsuite skipped="0" hostname="DESKTOP-LFQQAED" name="tests.NewAccountTestNG" tests="5" failures="0" timestamp="2022-08-15T00:08:30 IDT" time="35.464" errors="0">
  <testcase name="TC_04_create_existing" time="5.099" classname="tests.NewAccountTestNG"/>
  <system-out/>
  <testcase name="TC_05_create_new" time="10.129" classname="tests.NewAccountTestNG"/>
  <system-out/>
  <testcase name="TC_01_login" time="10.044" classname="tests.NewAccountTestNG"/>
  <system-out/>
  <testcase name="TC_02_create_null" time="5.068" classname="tests.NewAccountTestNG"/>
  <system-out/>
  <testcase name="TC_03_create_invalid" time="5.124" classname="tests.NewAccountTestNG"/>
  <system-out/>
</testsuite> <!-- tests.NewAccountTestNG -->
