<?xml version="1.0" encoding="UTF-8"?>
<!-- Generated by org.testng.reporters.JUnitReportReporter -->
<testsuite skipped="0" hostname="DESKTOP-LFQQAED" name="tests.ContactTest" tests="4" failures="0" timestamp="2022-08-15T00:04:11 IDT" time="10.269" errors="0">
  <testcase name="tc_02_nomessage" time="1.929" classname="tests.ContactTest"/>
  <system-out/>
  <testcase name="tc_01_clickContact" time="5.031" classname="tests.ContactTest"/>
  <system-out/>
  <testcase name="tc_04_good" time="1.502" classname="tests.ContactTest"/>
  <system-out/>
  <testcase name="tc_03_nomail" time="1.807" classname="tests.ContactTest"/>
  <system-out/>
</testsuite> <!-- tests.ContactTest -->
