<?xml version="1.0" encoding="UTF-8"?>
<!-- Generated by org.testng.reporters.JUnitReportReporter -->
<testsuite skipped="0" hostname="DESKTOP-LFQQAED" name="tests.FindItemsTest" tests="2" failures="0" timestamp="2022-08-15T00:05:10 IDT" time="32.706" errors="0">
  <testcase name="TC_01_click_category" time="20.228" classname="tests.FindItemsTest"/>
  <system-out/>
  <testcase name="TC_02_click_subcategory" time="12.478" classname="tests.FindItemsTest"/>
  <system-out/>
</testsuite> <!-- tests.FindItemsTest -->
