<?xml version="1.0" encoding="UTF-8"?>
<!-- Generated by org.testng.reporters.JUnitReportReporter -->
<testsuite skipped="0" hostname="DESKTOP-LFQQAED" name="tests.AccountFromTest" tests="11" failures="0" timestamp="2022-08-15T00:27:43 IDT" time="44.436" errors="0">
  <testcase name="tc_10_nostate" time="2.087" classname="tests.AccountFromTest"/>
  <system-out/>
  <testcase name="tc_04_nolasttname" time="3.299" classname="tests.AccountFromTest"/>
  <system-out/>
  <testcase name="tc_01_null" time="16.637" classname="tests.AccountFromTest"/>
  <system-out/>
  <testcase name="tc_07_nocity" time="4.296" classname="tests.AccountFromTest"/>
  <system-out/>
  <testcase name="tc_11_good" time="2.726" classname="tests.AccountFromTest"/>
  <system-out/>
  <testcase name="tc_03_nofirstname" time="2.007" classname="tests.AccountFromTest"/>
  <system-out/>
  <testcase name="tc_06_noadress" time="3.008" classname="tests.AccountFromTest"/>
  <system-out/>
  <testcase name="tc_02_nophone" time="2.815" classname="tests.AccountFromTest"/>
  <system-out/>
  <testcase name="tc_05_nopass" time="2.320" classname="tests.AccountFromTest"/>
  <system-out/>
  <testcase name="tc_09_wrongzip" time="2.345" classname="tests.AccountFromTest"/>
  <system-out/>
  <testcase name="tc_08_nozip" time="2.896" classname="tests.AccountFromTest"/>
  <system-out/>
</testsuite> <!-- tests.AccountFromTest -->
