<?xml version="1.0" encoding="UTF-8"?>
<!-- Generated by org.testng.reporters.JUnitReportReporter -->
<testsuite skipped="0" hostname="DESKTOP-LFQQAED" name="tests.ContactTest" tests="4" failures="0" timestamp="2022-08-15T14:45:46 IDT" time="13.614" errors="0">
  <testcase name="tc_03_nomail" time="2.363" classname="tests.ContactTest"/>
  <system-out/>
  <testcase name="tc_01_clickContact" time="6.157" classname="tests.ContactTest"/>
  <system-out/>
  <testcase name="tc_04_good" time="2.366" classname="tests.ContactTest"/>
  <system-out/>
  <testcase name="tc_02_nomessage" time="2.728" classname="tests.ContactTest"/>
  <system-out/>
</testsuite> <!-- tests.ContactTest -->
